build/app/intermediates/proguard-rules/release/aapt_rules.txt
# Referenced at release/arm64-v8a/AndroidManifest.xml:20
-keep class androidx.core.app.CoreComponentFactory { <init>(); }
# Referenced at release/arm64-v8a/AndroidManifest.xml:25
-keep class co.appbrewery.clima.MainActivity { <init>(); }
# Referenced at release/arm64-v8a/AndroidManifest.xml:49
-keep class com.google.android.gms.common.api.GoogleApiActivity { <init>(); }
# Referenced at release/arm64-v8a/AndroidManifest.xml:20
-keep class io.flutter.app.FlutterApplication { <init>(); }