build/app/outputs/mapping/release/mapping.txt
# compiler: R8
# compiler_version: 1.5.69
# min_api: 16
# pg_map_id: a21a8e2
...
com.google.android.gms.common.internal.GetServiceRequest -> com.google.android.gms.common.internal.h:
    android.os.IBinder zzdi -> e
    com.google.android.gms.common.api.Scope[] zzdj -> f
    boolean zzdo -> k
    android.os.Bundle zzdk -> g
    com.google.android.gms.common.Feature[] zzdn -> j
    int zzdg -> b
    int zzdh -> c
    android.accounts.Account zzdl -> h
    com.google.android.gms.common.Feature[] zzdm -> i
    int version -> a
    java.lang.String zzy -> d
com.google.android.gms.common.internal.GmsClient -> com.google.android.gms.common.internal.i:
    java.util.Set mScopes -> v
    android.accounts.Account zax -> w
    java.util.Set validateScopes(java.util.Set) -> a
    com.google.android.gms.common.internal.BaseGmsClient$BaseConnectionCallbacks zaa(com.google.android.gms.common.api.GoogleApiClient$ConnectionCallbacks) -> a
    com.google.android.gms.common.internal.BaseGmsClient$BaseOnConnectionFailedListener zaa(com.google.android.gms.common.api.GoogleApiClient$OnConnectionFailedListener) -> a
    java.util.Set zaa(java.util.Set) -> b
    int getMinApkVersion() -> i
    android.accounts.Account getAccount() -> l
    java.util.Set getScopes() -> r
com.google.android.gms.common.internal.GmsClientEventManager$GmsClientEventState -> com.google.android.gms.common.internal.j:
com.google.android.gms.common.internal.GmsClientSupervisor -> com.google.android.gms.common.internal.k:
    com.google.android.gms.common.internal.GmsClientSupervisor zzdq -> b
    java.lang.Object zzdp -> a
    com.google.android.gms.common.internal.GmsClientSupervisor getInstance(android.content.Context) -> a
    void zza(java.lang.String,java.lang.String,int,android.content.ServiceConnection,java.lang.String) -> a
    boolean zza(com.google.android.gms.common.internal.GmsClientSupervisor$zza,android.content.ServiceConnection,java.lang.String) -> a
    void zzb(com.google.android.gms.common.internal.GmsClientSupervisor$zza,android.content.ServiceConnection,java.lang.String) -> b
com.google.android.gms.common.internal.GmsClientSupervisor$zza -> com.google.android.gms.common.internal.k$a:
    android.content.ComponentName mComponentName -> c
    java.lang.String zzdr -> a
    int zzdt -> d
    java.lang.String zzds -> b
    android.content.ComponentName getComponentName() -> a
    android.content.Intent zzb(android.content.Context) -> a
    java.lang.String getPackage() -> b
    int zzq() -> c
com.google.android.gms.common.internal.GoogleApiAvailabilityCache -> com.google.android.gms.common.internal.l:
    com.google.android.gms.common.GoogleApiAvailabilityLight zaot -> b
    android.util.SparseIntArray zaos -> a
    void flush() -> a
    int getClientAvailability(android.content.Context,com.google.android.gms.common.api.Api$Client) -> a
com.google.android.gms.common.internal.IAccountAccessor -> com.google.android.gms.common.internal.m:
    android.accounts.Account getAccount() -> a
com.google.android.gms.common.internal.IAccountAccessor$Stub -> com.google.android.gms.common.internal.m$a:
    com.google.android.gms.common.internal.IAccountAccessor asInterface(android.os.IBinder) -> a
com.google.android.gms.common.internal.IAccountAccessor$Stub$zza -> com.google.android.gms.common.internal.m$a$a:
    android.accounts.Account getAccount() -> a
com.google.android.gms.common.internal.IGmsCallbacks -> com.google.android.gms.common.internal.n:
    void onPostInitComplete(int,android.os.IBinder,android.os.Bundle) -> a
    void zza(int,android.os.Bundle) -> a
    void zza(int,android.os.IBinder,com.google.android.gms.common.internal.zzb) -> a
com.google.android.gms.common.internal.IGmsCallbacks$zza -> com.google.android.gms.common.internal.n$a:
    boolean zza(int,android.os.Parcel,android.os.Parcel,int) -> a
com.google.android.gms.common.internal.IGmsServiceBroker -> com.google.android.gms.common.internal.p:
    void getService(com.google.android.gms.common.internal.IGmsCallbacks,com.google.android.gms.common.internal.GetServiceRequest) -> a